<?xml version="1.0" encoding="UTF-8"?>
<testng-results ignored="0" total="2" passed="2" failed="0" skipped="0">
  <reporter-output>
  </reporter-output>
  <suite started-at="2023-02-22T22:26:46 IST" name="Suite" finished-at="2023-02-22T22:27:07 IST" duration-ms="21147">
    <groups>
    </groups>
    <test started-at="2023-02-22T22:26:46 IST" name="Test" finished-at="2023-02-22T22:27:07 IST" duration-ms="21147">
      <class name="testClasses_TestNgClass.testNg_Class">
        <test-method is-config="true" signature="launchBrowser()[pri:0, instance:testClasses_TestNgClass.testNg_Class@8dbdac1]" started-at="2023-02-22T22:26:46 IST" name="launchBrowser" finished-at="2023-02-22T22:26:58 IST" duration-ms="11908" status="PASS">
          <reporter-output>
          </reporter-output>
        </test-method> <!-- launchBrowser -->
        <test-method is-config="true" signature="beforeMethod()[pri:0, instance:testClasses_TestNgClass.testNg_Class@8dbdac1]" started-at="2023-02-22T22:26:58 IST" name="beforeMethod" finished-at="2023-02-22T22:26:58 IST" duration-ms="1" status="PASS">
          <reporter-output>
          </reporter-output>
        </test-method> <!-- beforeMethod -->
        <test-method signature="test1()[pri:0, instance:testClasses_TestNgClass.testNg_Class@8dbdac1]" started-at="2023-02-22T22:26:58 IST" name="test1" finished-at="2023-02-22T22:27:06 IST" duration-ms="8382" status="PASS">
          <reporter-output>
          </reporter-output>
        </test-method> <!-- test1 -->
        <test-method is-config="true" signature="afterMethod()[pri:0, instance:testClasses_TestNgClass.testNg_Class@8dbdac1]" started-at="2023-02-22T22:27:06 IST" name="afterMethod" finished-at="2023-02-22T22:27:06 IST" duration-ms="0" status="PASS">
          <reporter-output>
          </reporter-output>
        </test-method> <!-- afterMethod -->
        <test-method is-config="true" signature="beforeMethod()[pri:0, instance:testClasses_TestNgClass.testNg_Class@8dbdac1]" started-at="2023-02-22T22:27:06 IST" name="beforeMethod" finished-at="2023-02-22T22:27:06 IST" duration-ms="0" status="PASS">
          <reporter-output>
          </reporter-output>
        </test-method> <!-- beforeMethod -->
        <test-method signature="test2()[pri:0, instance:testClasses_TestNgClass.testNg_Class@8dbdac1]" started-at="2023-02-22T22:27:06 IST" name="test2" finished-at="2023-02-22T22:27:07 IST" duration-ms="775" status="PASS">
          <reporter-output>
          </reporter-output>
        </test-method> <!-- test2 -->
        <test-method is-config="true" signature="afterMethod()[pri:0, instance:testClasses_TestNgClass.testNg_Class@8dbdac1]" started-at="2023-02-22T22:27:07 IST" name="afterMethod" finished-at="2023-02-22T22:27:07 IST" duration-ms="0" status="PASS">
          <reporter-output>
          </reporter-output>
        </test-method> <!-- afterMethod -->
        <test-method is-config="true" signature="afterClass()[pri:0, instance:testClasses_TestNgClass.testNg_Class@8dbdac1]" started-at="2023-02-22T22:27:07 IST" name="afterClass" finished-at="2023-02-22T22:27:07 IST" duration-ms="0" status="PASS">
          <reporter-output>
          </reporter-output>
        </test-method> <!-- afterClass -->
      </class> <!-- testClasses_TestNgClass.testNg_Class -->
    </test> <!-- Test -->
  </suite> <!-- Suite -->
</testng-results>
